-------------------------------------------------------------------------------
Test set: com.mcnz.FailMeMaybeTest
-------------------------------------------------------------------------------
Tests run: 1, Failures: 1, Errors: 0, Skipped: 0, Time elapsed: 0.064 s <<< FAILURE! - in com.mcnz.FailMeMaybeTest
testMyTrueAssertion(com.mcnz.FailMeMaybeTest)  Time elapsed: 0.009 s  <<< FAILURE!
java.lang.AssertionError
	at com.mcnz.FailMeMaybeTest.testMyTrueAssertion(FailMeMaybeTest.java:12)

